<?xml version="1.0" encoding="UTF-8"?>
<testng-results skipped="0" failed="0" ignored="0" total="4" passed="4">
  <reporter-output>
  </reporter-output>
  <suite name="suite-one" duration-ms="49" started-at="2017-02-06T05:43:01Z" finished-at="2017-02-06T05:43:01Z">
    <groups>
    </groups>
    <test name="test-one" duration-ms="49" started-at="2017-02-06T05:43:01Z" finished-at="2017-02-06T05:43:01Z">
      <class name="com.test.scripts.ClassTwo">
        <test-method status="PASS" signature="metOne()[pri:0, instance:com.test.scripts.ClassTwo@7823a2f9]" name="metOne" duration-ms="1" started-at="2017-02-06T11:13:01Z" finished-at="2017-02-06T11:13:01Z">
          <reporter-output>
          </reporter-output>
        </test-method> <!-- metOne -->
        <test-method status="PASS" signature="metTwo()[pri:0, instance:com.test.scripts.ClassTwo@7823a2f9]" name="metTwo" duration-ms="1" started-at="2017-02-06T11:13:01Z" finished-at="2017-02-06T11:13:01Z">
          <reporter-output>
          </reporter-output>
        </test-method> <!-- metTwo -->
      </class> <!-- com.test.scripts.ClassTwo -->
      <class name="com.test.scripts.ClassOne">
        <test-method status="PASS" signature="metOne()[pri:0, instance:com.test.scripts.ClassOne@482f8f11]" name="metOne" duration-ms="11" started-at="2017-02-06T11:13:01Z" finished-at="2017-02-06T11:13:01Z">
          <reporter-output>
          </reporter-output>
        </test-method> <!-- metOne -->
        <test-method status="PASS" signature="metTwo()[pri:0, instance:com.test.scripts.ClassOne@482f8f11]" name="metTwo" duration-ms="2" started-at="2017-02-06T11:13:01Z" finished-at="2017-02-06T11:13:01Z">
          <reporter-output>
          </reporter-output>
        </test-method> <!-- metTwo -->
      </class> <!-- com.test.scripts.ClassOne -->
    </test> <!-- test-one -->
  </suite> <!-- suite-one -->
</testng-results>
